<?xml version="1.0" encoding="UTF-8"?>
<!-- Generated by org.testng.reporters.JUnitReportReporter -->
<testsuite hostname="VSULTANOV-L01" failures="0" tests="4" name="tests.UserTests2" time="5.822" errors="0" timestamp="2024-05-16T09:02:44 UZT" skipped="0">
  <testcase classname="tests.UserTests2" name="testPOSTuser" time="2.078"/>
  <testcase classname="tests.UserTests2" name="testGetUserByName" time="0.959"/>
  <testcase classname="tests.UserTests2" name="updateUserByName" time="1.881"/>
  <testcase classname="tests.UserTests2" name="testDeleteUserByName" time="0.904"/>
</testsuite> <!-- tests.UserTests2 -->
